2025-02-19 09:18:23.080 INFO  2100  --- [main] f.d.d.DemoapirestApplication : Starting DemoapirestApplication using Java 17.0.12 with PID 8172 (C:\Users\oem\Desktop\SpringFormation\demoapirest\target\classes started by oem in C:\Users\oem\Desktop\SpringFormation\demoapirest)
2025-02-19 09:18:23.400 INFO  2420  --- [main] f.d.d.DemoapirestApplication : The following 1 profile is active: "dev"
2025-02-19 09:18:25.717 INFO  4737  --- [main] o.s.d.r.c.RepositoryConfigurationDelegate : Bootstrapping Spring Data JPA repositories in DEFAULT mode.
2025-02-19 09:18:25.903 INFO  4923  --- [main] o.s.d.r.c.RepositoryConfigurationDelegate : Finished Spring Data repository scanning in 152 ms. Found 2 JPA repository interfaces.
2025-02-19 09:18:27.351 INFO  6371  --- [main] o.s.b.w.e.tomcat.TomcatWebServer : Tomcat initialized with port 8085 (http)
2025-02-19 09:18:27.415 INFO  6435  --- [main] o.a.catalina.core.StandardService : Starting service [Tomcat]
2025-02-19 09:18:27.415 INFO  6435  --- [main] o.a.catalina.core.StandardEngine : Starting Servlet engine: [Apache Tomcat/10.1.34]
2025-02-19 09:18:27.596 INFO  6616  --- [main] o.a.c.c.C.[Tomcat].[localhost].[/] : Initializing Spring embedded WebApplicationContext
2025-02-19 09:18:27.611 INFO  6631  --- [main] o.s.b.w.s.c.ServletWebServerApplicationContext : Root WebApplicationContext: initialization completed in 3827 ms
2025-02-19 09:18:28.022 INFO  7042  --- [main] o.h.jpa.internal.util.LogHelper : HHH000204: Processing PersistenceUnitInfo [name: default]
2025-02-19 09:18:28.154 INFO  7174  --- [main] org.hibernate.Version : HHH000412: Hibernate ORM core version 6.6.5.Final
2025-02-19 09:18:28.239 INFO  7259  --- [main] o.h.c.i.RegionFactoryInitiator : HHH000026: Second-level cache disabled
2025-02-19 09:18:28.969 INFO  7989  --- [main] o.s.o.j.p.SpringPersistenceUnitInfo : No LoadTimeWeaver setup: ignoring JPA class transformer
2025-02-19 09:18:29.032 INFO  8052  --- [main] com.zaxxer.hikari.HikariDataSource : HikariPool-1 - Starting...
2025-02-19 09:18:29.349 INFO  8369  --- [main] com.zaxxer.hikari.pool.HikariPool : HikariPool-1 - Added connection org.mariadb.jdbc.Connection@5922cff3
2025-02-19 09:18:29.349 INFO  8369  --- [main] com.zaxxer.hikari.HikariDataSource : HikariPool-1 - Start completed.
2025-02-19 09:18:29.504 INFO  8524  --- [main] o.hibernate.orm.connections.pooling : HHH10001005: Database info:
	Database JDBC URL [Connecting through datasource 'HikariDataSource (HikariPool-1)']
	Database driver: undefined/unknown
	Database version: 11.5.2
	Autocommit mode: undefined/unknown
	Isolation level: undefined/unknown
	Minimum pool size: undefined/unknown
	Maximum pool size: undefined/unknown
2025-02-19 09:18:32.141 INFO  11161 --- [main] o.h.e.t.j.p.i.JtaPlatformInitiator : HHH000489: No JTA platform available (set 'hibernate.transaction.jta.platform' to enable JTA platform integration)
2025-02-19 09:18:32.504 INFO  11524 --- [main] o.s.o.j.LocalContainerEntityManagerFactoryBean : Initialized JPA EntityManagerFactory for persistence unit 'default'
2025-02-19 09:18:33.263 INFO  12283 --- [main] o.s.d.j.r.q.QueryEnhancerFactory : Hibernate is in classpath; If applicable, HQL parser will be used.
2025-02-19 09:18:34.370 WARN  13390 --- [main] o.s.b.a.o.j.JpaBaseConfiguration$JpaWebConfiguration : spring.jpa.open-in-view is enabled by default. Therefore, database queries may be performed during view rendering. Explicitly configure spring.jpa.open-in-view to disable this warning
2025-02-19 09:18:34.471 INFO  13491 --- [main] o.s.v.b.OptionalValidatorFactoryBean : Failed to set up a Bean Validation provider: jakarta.validation.NoProviderFoundException: Unable to create a Configuration, because no Jakarta Bean Validation provider could be found. Add a provider like Hibernate Validator (RI) to your classpath.
2025-02-19 09:18:34.586 DEBUG 13606 --- [main] o.s.w.s.m.m.a.RequestMappingHandlerMapping : 24 mappings in 'requestMappingHandlerMapping'
2025-02-19 09:18:34.688 DEBUG 13708 --- [main] o.s.w.s.h.SimpleUrlHandlerMapping : Patterns [/webjars/**, /**, /swagger-ui*/*swagger-initializer.js, /swagger-ui*/**] in 'resourceHandlerMapping'
2025-02-19 09:18:34.772 DEBUG 13792 --- [main] o.s.w.s.m.m.a.RequestMappingHandlerAdapter : ControllerAdvice beans: 0 @ModelAttribute, 0 @InitBinder, 1 RequestBodyAdvice, 1 ResponseBodyAdvice
2025-02-19 09:18:34.843 DEBUG 13863 --- [main] o.s.w.s.m.m.a.ExceptionHandlerExceptionResolver : ControllerAdvice beans: 2 @ExceptionHandler, 1 ResponseBodyAdvice
2025-02-19 09:18:35.108 INFO  14128 --- [main] o.s.b.w.e.tomcat.TomcatWebServer : Tomcat started on port 8085 (http) with context path '/'
2025-02-19 09:18:35.129 INFO  14149 --- [main] f.d.d.DemoapirestApplication : Started DemoapirestApplication in 13.002 seconds (process running for 14.773)
2025-02-19 09:18:35.766 INFO  14786 --- [main] o.s.b.a.l.ConditionEvaluationReportLogger : 

Error starting ApplicationContext. To display the condition evaluation report re-run your application with 'debug' enabled.
2025-02-19 09:18:35.796 ERROR 14816 --- [main] o.s.boot.SpringApplication : Application run failed
java.lang.NullPointerException: Cannot invoke "java.util.Set.add(Object)" because the return value of "fr.dawan.demoapirest.entities.Supplier.getProducts()" is null
	at fr.dawan.demoapirest.DemoapirestApplication.run(DemoapirestApplication.java:32)
	at org.springframework.boot.SpringApplication.lambda$callRunner$5(SpringApplication.java:788)
	at org.springframework.util.function.ThrowingConsumer$1.acceptWithException(ThrowingConsumer.java:82)
	at org.springframework.util.function.ThrowingConsumer.accept(ThrowingConsumer.java:60)
	at org.springframework.util.function.ThrowingConsumer$1.accept(ThrowingConsumer.java:86)
	at org.springframework.boot.SpringApplication.callRunner(SpringApplication.java:796)
	at org.springframework.boot.SpringApplication.callRunner(SpringApplication.java:787)
	at org.springframework.boot.SpringApplication.lambda$callRunners$3(SpringApplication.java:772)
	at java.base/java.util.stream.ForEachOps$ForEachOp$OfRef.accept(ForEachOps.java:183)
	at java.base/java.util.stream.SortedOps$SizedRefSortingSink.end(SortedOps.java:357)
	at java.base/java.util.stream.AbstractPipeline.copyInto(AbstractPipeline.java:510)
	at java.base/java.util.stream.AbstractPipeline.wrapAndCopyInto(AbstractPipeline.java:499)
	at java.base/java.util.stream.ForEachOps$ForEachOp.evaluateSequential(ForEachOps.java:150)
	at java.base/java.util.stream.ForEachOps$ForEachOp$OfRef.evaluateSequential(ForEachOps.java:173)
	at java.base/java.util.stream.AbstractPipeline.evaluate(AbstractPipeline.java:234)
	at java.base/java.util.stream.ReferencePipeline.forEach(ReferencePipeline.java:596)
	at org.springframework.boot.SpringApplication.callRunners(SpringApplication.java:772)
	at org.springframework.boot.SpringApplication.run(SpringApplication.java:325)
	at org.springframework.boot.SpringApplication.run(SpringApplication.java:1361)
	at org.springframework.boot.SpringApplication.run(SpringApplication.java:1350)
	at fr.dawan.demoapirest.DemoapirestApplication.main(DemoapirestApplication.java:16)
2025-02-19 09:18:35.830 INFO  14850 --- [main] o.s.b.w.e.tomcat.GracefulShutdown : Commencing graceful shutdown. Waiting for active requests to complete
2025-02-19 09:18:35.834 INFO  14854 --- [tomcat-shutdown] o.s.b.w.e.tomcat.GracefulShutdown : Graceful shutdown complete
2025-02-19 09:18:35.846 INFO  14866 --- [main] o.s.o.j.LocalContainerEntityManagerFactoryBean : Closing JPA EntityManagerFactory for persistence unit 'default'
2025-02-19 09:18:35.846 INFO  14866 --- [main] com.zaxxer.hikari.HikariDataSource : HikariPool-1 - Shutdown initiated...
2025-02-19 09:18:35.862 INFO  14882 --- [main] com.zaxxer.hikari.HikariDataSource : HikariPool-1 - Shutdown completed.
2025-02-19 09:38:56.890 INFO  2171  --- [main] f.d.d.DemoapirestApplication : Starting DemoapirestApplication using Java 17.0.12 with PID 4176 (C:\Users\oem\Desktop\SpringFormation\demoapirest\target\classes started by oem in C:\Users\oem\Desktop\SpringFormation\demoapirest)
2025-02-19 09:38:56.906 INFO  2187  --- [main] f.d.d.DemoapirestApplication : The following 1 profile is active: "dev"
2025-02-19 09:38:59.569 INFO  4850  --- [main] o.s.d.r.c.RepositoryConfigurationDelegate : Bootstrapping Spring Data JPA repositories in DEFAULT mode.
2025-02-19 09:38:59.903 INFO  5184  --- [main] o.s.d.r.c.RepositoryConfigurationDelegate : Finished Spring Data repository scanning in 297 ms. Found 2 JPA repository interfaces.
2025-02-19 09:39:01.738 INFO  7019  --- [main] o.s.b.w.e.tomcat.TomcatWebServer : Tomcat initialized with port 8085 (http)
2025-02-19 09:39:01.763 INFO  7044  --- [main] o.a.catalina.core.StandardService : Starting service [Tomcat]
2025-02-19 09:39:01.772 INFO  7053  --- [main] o.a.catalina.core.StandardEngine : Starting Servlet engine: [Apache Tomcat/10.1.34]
2025-02-19 09:39:01.957 INFO  7238  --- [main] o.a.c.c.C.[Tomcat].[localhost].[/] : Initializing Spring embedded WebApplicationContext
2025-02-19 09:39:01.957 INFO  7238  --- [main] o.s.b.w.s.c.ServletWebServerApplicationContext : Root WebApplicationContext: initialization completed in 4747 ms
2025-02-19 09:39:02.390 INFO  7671  --- [main] o.h.jpa.internal.util.LogHelper : HHH000204: Processing PersistenceUnitInfo [name: default]
2025-02-19 09:39:02.509 INFO  7790  --- [main] org.hibernate.Version : HHH000412: Hibernate ORM core version 6.6.5.Final
2025-02-19 09:39:02.694 INFO  7975  --- [main] o.h.c.i.RegionFactoryInitiator : HHH000026: Second-level cache disabled
2025-02-19 09:39:04.144 INFO  9425  --- [main] o.s.o.j.p.SpringPersistenceUnitInfo : No LoadTimeWeaver setup: ignoring JPA class transformer
2025-02-19 09:39:04.200 INFO  9481  --- [main] com.zaxxer.hikari.HikariDataSource : HikariPool-1 - Starting...
2025-02-19 09:39:04.795 INFO  10076 --- [main] com.zaxxer.hikari.pool.HikariPool : HikariPool-1 - Added connection org.mariadb.jdbc.Connection@4b32465
2025-02-19 09:39:04.807 INFO  10088 --- [main] com.zaxxer.hikari.HikariDataSource : HikariPool-1 - Start completed.
2025-02-19 09:39:04.971 INFO  10252 --- [main] o.hibernate.orm.connections.pooling : HHH10001005: Database info:
	Database JDBC URL [Connecting through datasource 'HikariDataSource (HikariPool-1)']
	Database driver: undefined/unknown
	Database version: 11.5.2
	Autocommit mode: undefined/unknown
	Isolation level: undefined/unknown
	Minimum pool size: undefined/unknown
	Maximum pool size: undefined/unknown
2025-02-19 09:39:08.916 INFO  14197 --- [main] o.h.e.t.j.p.i.JtaPlatformInitiator : HHH000489: No JTA platform available (set 'hibernate.transaction.jta.platform' to enable JTA platform integration)
2025-02-19 09:39:09.142 INFO  14423 --- [main] o.s.o.j.LocalContainerEntityManagerFactoryBean : Initialized JPA EntityManagerFactory for persistence unit 'default'
2025-02-19 09:39:12.629 INFO  17910 --- [main] o.s.d.j.r.q.QueryEnhancerFactory : Hibernate is in classpath; If applicable, HQL parser will be used.
2025-02-19 09:39:14.998 WARN  20279 --- [main] o.s.b.a.o.j.JpaBaseConfiguration$JpaWebConfiguration : spring.jpa.open-in-view is enabled by default. Therefore, database queries may be performed during view rendering. Explicitly configure spring.jpa.open-in-view to disable this warning
2025-02-19 09:39:15.283 INFO  20564 --- [main] o.s.v.b.OptionalValidatorFactoryBean : Failed to set up a Bean Validation provider: jakarta.validation.NoProviderFoundException: Unable to create a Configuration, because no Jakarta Bean Validation provider could be found. Add a provider like Hibernate Validator (RI) to your classpath.
2025-02-19 09:39:15.689 DEBUG 20970 --- [main] o.s.w.s.m.m.a.RequestMappingHandlerMapping : 29 mappings in 'requestMappingHandlerMapping'
2025-02-19 09:39:15.902 DEBUG 21183 --- [main] o.s.w.s.h.SimpleUrlHandlerMapping : Patterns [/webjars/**, /**, /swagger-ui*/*swagger-initializer.js, /swagger-ui*/**] in 'resourceHandlerMapping'
2025-02-19 09:39:16.087 DEBUG 21368 --- [main] o.s.w.s.m.m.a.RequestMappingHandlerAdapter : ControllerAdvice beans: 0 @ModelAttribute, 0 @InitBinder, 1 RequestBodyAdvice, 1 ResponseBodyAdvice
2025-02-19 09:39:16.338 DEBUG 21619 --- [main] o.s.w.s.m.m.a.ExceptionHandlerExceptionResolver : ControllerAdvice beans: 2 @ExceptionHandler, 1 ResponseBodyAdvice
2025-02-19 09:39:17.295 INFO  22576 --- [main] o.s.b.w.e.tomcat.TomcatWebServer : Tomcat started on port 8085 (http) with context path '/'
2025-02-19 09:39:17.332 INFO  22613 --- [main] f.d.d.DemoapirestApplication : Started DemoapirestApplication in 21.517 seconds (process running for 23.203)
2025-02-19 09:39:47.068 INFO  52349 --- [http-nio-8085-exec-1] o.a.c.c.C.[Tomcat].[localhost].[/] : Initializing Spring DispatcherServlet 'dispatcherServlet'
2025-02-19 09:39:47.069 INFO  52350 --- [http-nio-8085-exec-1] o.s.web.servlet.DispatcherServlet : Initializing Servlet 'dispatcherServlet'
2025-02-19 09:39:47.070 DEBUG 52351 --- [http-nio-8085-exec-1] o.s.web.servlet.DispatcherServlet : Detected StandardServletMultipartResolver
2025-02-19 09:39:47.070 DEBUG 52351 --- [http-nio-8085-exec-1] o.s.web.servlet.DispatcherServlet : Detected AcceptHeaderLocaleResolver
2025-02-19 09:39:47.071 DEBUG 52352 --- [http-nio-8085-exec-1] o.s.web.servlet.DispatcherServlet : Detected FixedThemeResolver
2025-02-19 09:39:47.072 DEBUG 52353 --- [http-nio-8085-exec-1] o.s.web.servlet.DispatcherServlet : Detected org.springframework.web.servlet.view.DefaultRequestToViewNameTranslator@61cf142f
2025-02-19 09:39:47.073 DEBUG 52354 --- [http-nio-8085-exec-1] o.s.web.servlet.DispatcherServlet : Detected org.springframework.web.servlet.support.SessionFlashMapManager@3e1ba156
2025-02-19 09:39:47.073 DEBUG 52354 --- [http-nio-8085-exec-1] o.s.web.servlet.DispatcherServlet : enableLoggingRequestDetails='false': request parameters and headers will be masked to prevent unsafe logging of potentially sensitive data
2025-02-19 09:39:47.073 INFO  52354 --- [http-nio-8085-exec-1] o.s.web.servlet.DispatcherServlet : Completed initialization in 3 ms
2025-02-19 09:39:47.087 DEBUG 52368 --- [http-nio-8085-exec-1] o.s.web.servlet.DispatcherServlet : GET "/api/categories/1/5", parameters={multipart}
2025-02-19 09:39:47.141 DEBUG 52422 --- [http-nio-8085-exec-1] o.s.w.s.m.m.a.RequestMappingHandlerMapping : Mapped to fr.dawan.demoapirest.controllers.CategoryController#getAllBy(int, int, Optional)
2025-02-19 09:39:47.424 DEBUG 52705 --- [http-nio-8085-exec-1] o.s.w.s.m.m.a.RequestResponseBodyMethodProcessor : Using 'application/json', given [*/*] and supported [application/json]
2025-02-19 09:39:47.440 DEBUG 52721 --- [http-nio-8085-exec-1] o.s.w.s.m.m.a.RequestResponseBodyMethodProcessor : Writing [[]]
2025-02-19 09:39:47.482 DEBUG 52763 --- [http-nio-8085-exec-1] o.s.web.servlet.DispatcherServlet : Completed 200 OK
2025-02-19 09:40:24.709 INFO  89990 --- [SpringApplicationShutdownHook] o.s.b.w.e.tomcat.GracefulShutdown : Commencing graceful shutdown. Waiting for active requests to complete
2025-02-19 09:40:24.734 INFO  90015 --- [tomcat-shutdown] o.s.b.w.e.tomcat.GracefulShutdown : Graceful shutdown complete
2025-02-19 09:40:24.746 INFO  90027 --- [SpringApplicationShutdownHook] o.s.o.j.LocalContainerEntityManagerFactoryBean : Closing JPA EntityManagerFactory for persistence unit 'default'
2025-02-19 09:40:24.751 INFO  90032 --- [SpringApplicationShutdownHook] com.zaxxer.hikari.HikariDataSource : HikariPool-1 - Shutdown initiated...
2025-02-19 09:40:24.762 INFO  90043 --- [SpringApplicationShutdownHook] com.zaxxer.hikari.HikariDataSource : HikariPool-1 - Shutdown completed.
2025-02-19 09:40:31.660 INFO  2028  --- [main] f.d.d.DemoapirestApplication : Starting DemoapirestApplication using Java 17.0.12 with PID 4656 (C:\Users\oem\Desktop\SpringFormation\demoapirest\target\classes started by oem in C:\Users\oem\Desktop\SpringFormation\demoapirest)
2025-02-19 09:40:31.671 INFO  2039  --- [main] f.d.d.DemoapirestApplication : The following 1 profile is active: "dev"
2025-02-19 09:40:33.576 INFO  3944  --- [main] o.s.d.r.c.RepositoryConfigurationDelegate : Bootstrapping Spring Data JPA repositories in DEFAULT mode.
2025-02-19 09:40:33.722 INFO  4090  --- [main] o.s.d.r.c.RepositoryConfigurationDelegate : Finished Spring Data repository scanning in 124 ms. Found 2 JPA repository interfaces.
2025-02-19 09:40:34.906 INFO  5274  --- [main] o.s.b.w.e.tomcat.TomcatWebServer : Tomcat initialized with port 8085 (http)
2025-02-19 09:40:34.938 INFO  5306  --- [main] o.a.catalina.core.StandardService : Starting service [Tomcat]
2025-02-19 09:40:34.938 INFO  5306  --- [main] o.a.catalina.core.StandardEngine : Starting Servlet engine: [Apache Tomcat/10.1.34]
2025-02-19 09:40:35.094 INFO  5462  --- [main] o.a.c.c.C.[Tomcat].[localhost].[/] : Initializing Spring embedded WebApplicationContext
2025-02-19 09:40:35.095 INFO  5463  --- [main] o.s.b.w.s.c.ServletWebServerApplicationContext : Root WebApplicationContext: initialization completed in 3295 ms
2025-02-19 09:40:35.422 INFO  5790  --- [main] o.h.jpa.internal.util.LogHelper : HHH000204: Processing PersistenceUnitInfo [name: default]
2025-02-19 09:40:35.525 INFO  5893  --- [main] org.hibernate.Version : HHH000412: Hibernate ORM core version 6.6.5.Final
2025-02-19 09:40:35.599 INFO  5967  --- [main] o.h.c.i.RegionFactoryInitiator : HHH000026: Second-level cache disabled
2025-02-19 09:40:36.158 INFO  6526  --- [main] o.s.o.j.p.SpringPersistenceUnitInfo : No LoadTimeWeaver setup: ignoring JPA class transformer
2025-02-19 09:40:36.212 INFO  6580  --- [main] com.zaxxer.hikari.HikariDataSource : HikariPool-1 - Starting...
2025-02-19 09:40:36.395 INFO  6763  --- [main] com.zaxxer.hikari.pool.HikariPool : HikariPool-1 - Added connection org.mariadb.jdbc.Connection@70139a81
2025-02-19 09:40:36.395 INFO  6763  --- [main] com.zaxxer.hikari.HikariDataSource : HikariPool-1 - Start completed.
2025-02-19 09:40:36.567 INFO  6935  --- [main] o.hibernate.orm.connections.pooling : HHH10001005: Database info:
	Database JDBC URL [Connecting through datasource 'HikariDataSource (HikariPool-1)']
	Database driver: undefined/unknown
	Database version: 11.5.2
	Autocommit mode: undefined/unknown
	Isolation level: undefined/unknown
	Minimum pool size: undefined/unknown
	Maximum pool size: undefined/unknown
2025-02-19 09:40:38.890 INFO  9258  --- [main] o.h.e.t.j.p.i.JtaPlatformInitiator : HHH000489: No JTA platform available (set 'hibernate.transaction.jta.platform' to enable JTA platform integration)
2025-02-19 09:40:39.019 INFO  9387  --- [main] o.s.o.j.LocalContainerEntityManagerFactoryBean : Initialized JPA EntityManagerFactory for persistence unit 'default'
2025-02-19 09:40:39.741 INFO  10109 --- [main] o.s.d.j.r.q.QueryEnhancerFactory : Hibernate is in classpath; If applicable, HQL parser will be used.
2025-02-19 09:40:40.720 WARN  11088 --- [main] o.s.b.a.o.j.JpaBaseConfiguration$JpaWebConfiguration : spring.jpa.open-in-view is enabled by default. Therefore, database queries may be performed during view rendering. Explicitly configure spring.jpa.open-in-view to disable this warning
2025-02-19 09:40:40.790 INFO  11158 --- [main] o.s.v.b.OptionalValidatorFactoryBean : Failed to set up a Bean Validation provider: jakarta.validation.NoProviderFoundException: Unable to create a Configuration, because no Jakarta Bean Validation provider could be found. Add a provider like Hibernate Validator (RI) to your classpath.
2025-02-19 09:40:40.931 DEBUG 11299 --- [main] o.s.w.s.m.m.a.RequestMappingHandlerMapping : 29 mappings in 'requestMappingHandlerMapping'
2025-02-19 09:40:41.033 DEBUG 11401 --- [main] o.s.w.s.h.SimpleUrlHandlerMapping : Patterns [/webjars/**, /**, /swagger-ui*/*swagger-initializer.js, /swagger-ui*/**] in 'resourceHandlerMapping'
2025-02-19 09:40:41.124 DEBUG 11492 --- [main] o.s.w.s.m.m.a.RequestMappingHandlerAdapter : ControllerAdvice beans: 0 @ModelAttribute, 0 @InitBinder, 1 RequestBodyAdvice, 1 ResponseBodyAdvice
2025-02-19 09:40:41.238 DEBUG 11606 --- [main] o.s.w.s.m.m.a.ExceptionHandlerExceptionResolver : ControllerAdvice beans: 2 @ExceptionHandler, 1 ResponseBodyAdvice
2025-02-19 09:40:41.526 INFO  11894 --- [main] o.s.b.w.e.tomcat.TomcatWebServer : Tomcat started on port 8085 (http) with context path '/'
2025-02-19 09:40:41.551 INFO  11919 --- [main] f.d.d.DemoapirestApplication : Started DemoapirestApplication in 11.007 seconds (process running for 12.44)
2025-02-19 09:40:46.443 INFO  16811 --- [http-nio-8085-exec-2] o.a.c.c.C.[Tomcat].[localhost].[/] : Initializing Spring DispatcherServlet 'dispatcherServlet'
2025-02-19 09:40:46.445 INFO  16813 --- [http-nio-8085-exec-2] o.s.web.servlet.DispatcherServlet : Initializing Servlet 'dispatcherServlet'
2025-02-19 09:40:46.447 DEBUG 16815 --- [http-nio-8085-exec-2] o.s.web.servlet.DispatcherServlet : Detected StandardServletMultipartResolver
2025-02-19 09:40:46.450 DEBUG 16818 --- [http-nio-8085-exec-2] o.s.web.servlet.DispatcherServlet : Detected AcceptHeaderLocaleResolver
2025-02-19 09:40:46.451 DEBUG 16819 --- [http-nio-8085-exec-2] o.s.web.servlet.DispatcherServlet : Detected FixedThemeResolver
2025-02-19 09:40:46.453 DEBUG 16821 --- [http-nio-8085-exec-2] o.s.web.servlet.DispatcherServlet : Detected org.springframework.web.servlet.view.DefaultRequestToViewNameTranslator@1098c1b1
2025-02-19 09:40:46.454 DEBUG 16822 --- [http-nio-8085-exec-2] o.s.web.servlet.DispatcherServlet : Detected org.springframework.web.servlet.support.SessionFlashMapManager@c3df740
2025-02-19 09:40:46.454 DEBUG 16822 --- [http-nio-8085-exec-2] o.s.web.servlet.DispatcherServlet : enableLoggingRequestDetails='false': request parameters and headers will be masked to prevent unsafe logging of potentially sensitive data
2025-02-19 09:40:46.456 INFO  16824 --- [http-nio-8085-exec-2] o.s.web.servlet.DispatcherServlet : Completed initialization in 10 ms
2025-02-19 09:40:46.476 DEBUG 16844 --- [http-nio-8085-exec-2] o.s.web.servlet.DispatcherServlet : GET "/api/categories/1/5", parameters={multipart}
2025-02-19 09:40:46.545 DEBUG 16913 --- [http-nio-8085-exec-2] o.s.w.s.m.m.a.RequestMappingHandlerMapping : Mapped to fr.dawan.demoapirest.controllers.CategoryController#getAllBy(int, int, Optional)
2025-02-19 09:40:46.903 DEBUG 17271 --- [http-nio-8085-exec-2] o.s.w.s.m.m.a.RequestResponseBodyMethodProcessor : Using 'application/json', given [*/*] and supported [application/json]
2025-02-19 09:40:46.921 DEBUG 17289 --- [http-nio-8085-exec-2] o.s.w.s.m.m.a.RequestResponseBodyMethodProcessor : Writing [[fr.dawan.demoapirest.dtos.CategoryDto@3aade2b2, fr.dawan.demoapirest.dtos.CategoryDto@3faffb9d]]
2025-02-19 09:40:47.014 DEBUG 17382 --- [http-nio-8085-exec-2] o.s.web.servlet.DispatcherServlet : Completed 200 OK
2025-02-19 09:41:26.288 DEBUG 56656 --- [http-nio-8085-exec-3] o.s.web.servlet.DispatcherServlet : POST "/api/categories", parameters={}
2025-02-19 09:41:26.298 DEBUG 56666 --- [http-nio-8085-exec-3] o.s.w.s.h.SimpleUrlHandlerMapping : Mapped to ResourceHttpRequestHandler [classpath [META-INF/resources/], classpath [resources/], classpath [static/], classpath [public/], ServletContext [/]]
2025-02-19 09:41:26.307 DEBUG 56675 --- [http-nio-8085-exec-3] o.s.w.s.r.ResourceHttpRequestHandler : Resource not found
2025-02-19 09:41:26.312 DEBUG 56680 --- [http-nio-8085-exec-3] o.s.w.s.m.m.a.ExceptionHandlerExceptionResolver : Using @ExceptionHandler fr.dawan.demoapirest.interceptors.MyGlobalExceptionHandler#handleException(Exception, WebRequest)
2025-02-19 09:41:26.348 DEBUG 56716 --- [http-nio-8085-exec-3] o.s.w.s.m.m.a.HttpEntityMethodProcessor : Using 'application/problem+json', given [*/*] and supported [application/problem+json]
2025-02-19 09:41:26.361 DEBUG 56729 --- [http-nio-8085-exec-3] o.s.w.s.m.m.a.HttpEntityMethodProcessor : Writing [ProblemDetail[type='about:blank', title='Not Found', status=404, detail='No static resource api/cate (truncated)...]
2025-02-19 09:41:26.363 DEBUG 56731 --- [http-nio-8085-exec-3] o.s.w.s.m.m.a.ExceptionHandlerExceptionResolver : Resolved [org.springframework.web.servlet.resource.NoResourceFoundException: No static resource api/categories.]
2025-02-19 09:41:26.368 DEBUG 56736 --- [http-nio-8085-exec-3] o.s.web.servlet.DispatcherServlet : Completed 404 NOT_FOUND
2025-02-19 09:41:34.364 DEBUG 64732 --- [http-nio-8085-exec-4] o.s.web.servlet.DispatcherServlet : POST "/api/categories/save", parameters={}
2025-02-19 09:41:34.366 DEBUG 64734 --- [http-nio-8085-exec-4] o.s.w.s.m.m.a.RequestMappingHandlerMapping : Mapped to fr.dawan.demoapirest.controllers.CategoryController#saveOrUpdate(CategoryDto)
2025-02-19 09:41:34.439 DEBUG 64807 --- [http-nio-8085-exec-4] o.s.w.s.m.m.a.RequestResponseBodyMethodProcessor : Read "application/json;charset=UTF-8" to [fr.dawan.demoapirest.dtos.CategoryDto@65bedacd]
2025-02-19 09:41:34.595 DEBUG 64963 --- [http-nio-8085-exec-4] o.s.w.s.m.m.a.HttpEntityMethodProcessor : Using 'application/json', given [*/*] and supported [application/json]
2025-02-19 09:41:34.595 DEBUG 64963 --- [http-nio-8085-exec-4] o.s.w.s.m.m.a.HttpEntityMethodProcessor : Writing [fr.dawan.demoapirest.dtos.CategoryDto@7c2a50c2]
2025-02-19 09:41:34.597 DEBUG 64965 --- [http-nio-8085-exec-4] o.s.web.servlet.DispatcherServlet : Completed 200 OK
2025-02-19 09:41:39.298 DEBUG 69666 --- [http-nio-8085-exec-5] o.s.web.servlet.DispatcherServlet : GET "/api/categories/1/5", parameters={multipart}
2025-02-19 09:41:39.303 DEBUG 69671 --- [http-nio-8085-exec-5] o.s.w.s.m.m.a.RequestMappingHandlerMapping : Mapped to fr.dawan.demoapirest.controllers.CategoryController#getAllBy(int, int, Optional)
2025-02-19 09:41:39.312 DEBUG 69680 --- [http-nio-8085-exec-5] o.s.w.s.m.m.a.RequestResponseBodyMethodProcessor : Using 'application/json', given [*/*] and supported [application/json]
2025-02-19 09:41:39.314 DEBUG 69682 --- [http-nio-8085-exec-5] o.s.w.s.m.m.a.RequestResponseBodyMethodProcessor : Writing [[fr.dawan.demoapirest.dtos.CategoryDto@42e412c1, fr.dawan.demoapirest.dtos.CategoryDto@51c547c3, fr. (truncated)...]
2025-02-19 09:41:39.317 DEBUG 69685 --- [http-nio-8085-exec-5] o.s.web.servlet.DispatcherServlet : Completed 200 OK
2025-02-19 09:42:31.234 INFO  121602 --- [SpringApplicationShutdownHook] o.s.b.w.e.tomcat.GracefulShutdown : Commencing graceful shutdown. Waiting for active requests to complete
2025-02-19 09:42:31.254 INFO  121622 --- [tomcat-shutdown] o.s.b.w.e.tomcat.GracefulShutdown : Graceful shutdown complete
2025-02-19 09:42:31.265 INFO  121633 --- [SpringApplicationShutdownHook] o.s.o.j.LocalContainerEntityManagerFactoryBean : Closing JPA EntityManagerFactory for persistence unit 'default'
2025-02-19 09:42:31.274 INFO  121642 --- [SpringApplicationShutdownHook] com.zaxxer.hikari.HikariDataSource : HikariPool-1 - Shutdown initiated...
2025-02-19 09:42:31.281 INFO  121649 --- [SpringApplicationShutdownHook] com.zaxxer.hikari.HikariDataSource : HikariPool-1 - Shutdown completed.
2025-02-19 10:06:48.598 INFO  1850  --- [main] f.d.d.DemoapirestApplication : Starting DemoapirestApplication using Java 17.0.12 with PID 2340 (C:\Users\oem\Desktop\SpringFormation\demoapirest\target\classes started by oem in C:\Users\oem\Desktop\SpringFormation\demoapirest)
2025-02-19 10:06:48.605 INFO  1857  --- [main] f.d.d.DemoapirestApplication : The following 1 profile is active: "dev"
2025-02-19 10:06:50.587 INFO  3839  --- [main] o.s.d.r.c.RepositoryConfigurationDelegate : Bootstrapping Spring Data JPA repositories in DEFAULT mode.
2025-02-19 10:06:50.755 INFO  4007  --- [main] o.s.d.r.c.RepositoryConfigurationDelegate : Finished Spring Data repository scanning in 139 ms. Found 3 JPA repository interfaces.
2025-02-19 10:06:51.935 INFO  5187  --- [main] o.s.b.w.e.tomcat.TomcatWebServer : Tomcat initialized with port 8085 (http)
2025-02-19 10:06:51.971 INFO  5223  --- [main] o.a.catalina.core.StandardService : Starting service [Tomcat]
2025-02-19 10:06:51.972 INFO  5224  --- [main] o.a.catalina.core.StandardEngine : Starting Servlet engine: [Apache Tomcat/10.1.34]
2025-02-19 10:06:52.135 INFO  5387  --- [main] o.a.c.c.C.[Tomcat].[localhost].[/] : Initializing Spring embedded WebApplicationContext
2025-02-19 10:06:52.136 INFO  5388  --- [main] o.s.b.w.s.c.ServletWebServerApplicationContext : Root WebApplicationContext: initialization completed in 3381 ms
2025-02-19 10:06:52.496 INFO  5748  --- [main] o.h.jpa.internal.util.LogHelper : HHH000204: Processing PersistenceUnitInfo [name: default]
2025-02-19 10:06:52.610 INFO  5862  --- [main] org.hibernate.Version : HHH000412: Hibernate ORM core version 6.6.5.Final
2025-02-19 10:06:52.680 INFO  5932  --- [main] o.h.c.i.RegionFactoryInitiator : HHH000026: Second-level cache disabled
2025-02-19 10:06:53.261 INFO  6513  --- [main] o.s.o.j.p.SpringPersistenceUnitInfo : No LoadTimeWeaver setup: ignoring JPA class transformer
2025-02-19 10:06:53.322 INFO  6574  --- [main] com.zaxxer.hikari.HikariDataSource : HikariPool-1 - Starting...
2025-02-19 10:06:53.542 INFO  6794  --- [main] com.zaxxer.hikari.pool.HikariPool : HikariPool-1 - Added connection org.mariadb.jdbc.Connection@72f3f14c
2025-02-19 10:06:53.547 INFO  6799  --- [main] com.zaxxer.hikari.HikariDataSource : HikariPool-1 - Start completed.
2025-02-19 10:06:53.672 INFO  6924  --- [main] o.hibernate.orm.connections.pooling : HHH10001005: Database info:
	Database JDBC URL [Connecting through datasource 'HikariDataSource (HikariPool-1)']
	Database driver: undefined/unknown
	Database version: 11.5.2
	Autocommit mode: undefined/unknown
	Isolation level: undefined/unknown
	Minimum pool size: undefined/unknown
	Maximum pool size: undefined/unknown
2025-02-19 10:06:56.182 INFO  9434  --- [main] o.h.e.t.j.p.i.JtaPlatformInitiator : HHH000489: No JTA platform available (set 'hibernate.transaction.jta.platform' to enable JTA platform integration)
2025-02-19 10:06:56.319 INFO  9571  --- [main] o.s.o.j.LocalContainerEntityManagerFactoryBean : Initialized JPA EntityManagerFactory for persistence unit 'default'
2025-02-19 10:06:57.155 INFO  10407 --- [main] o.s.d.j.r.q.QueryEnhancerFactory : Hibernate is in classpath; If applicable, HQL parser will be used.
2025-02-19 10:06:58.613 WARN  11865 --- [main] o.s.b.a.o.j.JpaBaseConfiguration$JpaWebConfiguration : spring.jpa.open-in-view is enabled by default. Therefore, database queries may be performed during view rendering. Explicitly configure spring.jpa.open-in-view to disable this warning
2025-02-19 10:06:58.695 INFO  11947 --- [main] o.s.v.b.OptionalValidatorFactoryBean : Failed to set up a Bean Validation provider: jakarta.validation.NoProviderFoundException: Unable to create a Configuration, because no Jakarta Bean Validation provider could be found. Add a provider like Hibernate Validator (RI) to your classpath.
2025-02-19 10:06:58.789 WARN  12041 --- [main] o.s.b.w.s.c.AnnotationConfigServletWebServerApplicationContext : Exception encountered during context initialization - cancelling refresh attempt: org.springframework.beans.factory.BeanCreationException: Error creating bean with name 'requestMappingHandlerMapping' defined in class path resource [org/springframework/boot/autoconfigure/web/servlet/WebMvcAutoConfiguration$EnableWebMvcConfiguration.class]: Ambiguous mapping. Cannot map 'supplierController' method 
fr.dawan.demoapirest.controllers.SupplierController#saveOrUpdate(SupplierDto)
to {POST [/api/categories/save], consumes [application/json], produces [application/json]}: There is already 'categoryController' bean method
fr.dawan.demoapirest.controllers.CategoryController#saveOrUpdate(CategoryDto) mapped.
2025-02-19 10:06:58.791 INFO  12043 --- [main] o.s.o.j.LocalContainerEntityManagerFactoryBean : Closing JPA EntityManagerFactory for persistence unit 'default'
2025-02-19 10:06:58.797 INFO  12049 --- [main] com.zaxxer.hikari.HikariDataSource : HikariPool-1 - Shutdown initiated...
2025-02-19 10:06:58.806 INFO  12058 --- [main] com.zaxxer.hikari.HikariDataSource : HikariPool-1 - Shutdown completed.
2025-02-19 10:06:58.812 INFO  12064 --- [main] o.a.catalina.core.StandardService : Stopping service [Tomcat]
2025-02-19 10:06:58.860 INFO  12112 --- [main] o.s.b.a.l.ConditionEvaluationReportLogger : 

Error starting ApplicationContext. To display the condition evaluation report re-run your application with 'debug' enabled.
2025-02-19 10:06:58.895 ERROR 12147 --- [main] o.s.boot.SpringApplication : Application run failed
org.springframework.beans.factory.BeanCreationException: Error creating bean with name 'requestMappingHandlerMapping' defined in class path resource [org/springframework/boot/autoconfigure/web/servlet/WebMvcAutoConfiguration$EnableWebMvcConfiguration.class]: Ambiguous mapping. Cannot map 'supplierController' method 
fr.dawan.demoapirest.controllers.SupplierController#saveOrUpdate(SupplierDto)
to {POST [/api/categories/save], consumes [application/json], produces [application/json]}: There is already 'categoryController' bean method
fr.dawan.demoapirest.controllers.CategoryController#saveOrUpdate(CategoryDto) mapped.
	at org.springframework.beans.factory.support.AbstractAutowireCapableBeanFactory.initializeBean(AbstractAutowireCapableBeanFactory.java:1812)
	at org.springframework.beans.factory.support.AbstractAutowireCapableBeanFactory.doCreateBean(AbstractAutowireCapableBeanFactory.java:601)
	at org.springframework.beans.factory.support.AbstractAutowireCapableBeanFactory.createBean(AbstractAutowireCapableBeanFactory.java:523)
	at org.springframework.beans.factory.support.AbstractBeanFactory.lambda$doGetBean$0(AbstractBeanFactory.java:336)
	at org.springframework.beans.factory.support.DefaultSingletonBeanRegistry.getSingleton(DefaultSingletonBeanRegistry.java:307)
	at org.springframework.beans.factory.support.AbstractBeanFactory.doGetBean(AbstractBeanFactory.java:334)
	at org.springframework.beans.factory.support.AbstractBeanFactory.getBean(AbstractBeanFactory.java:199)
	at org.springframework.beans.factory.support.DefaultListableBeanFactory.instantiateSingleton(DefaultListableBeanFactory.java:1122)
	at org.springframework.beans.factory.support.DefaultListableBeanFactory.preInstantiateSingleton(DefaultListableBeanFactory.java:1093)
	at org.springframework.beans.factory.support.DefaultListableBeanFactory.preInstantiateSingletons(DefaultListableBeanFactory.java:1030)
	at org.springframework.context.support.AbstractApplicationContext.finishBeanFactoryInitialization(AbstractApplicationContext.java:987)
	at org.springframework.context.support.AbstractApplicationContext.refresh(AbstractApplicationContext.java:627)
	at org.springframework.boot.web.servlet.context.ServletWebServerApplicationContext.refresh(ServletWebServerApplicationContext.java:146)
	at org.springframework.boot.SpringApplication.refresh(SpringApplication.java:752)
	at org.springframework.boot.SpringApplication.refreshContext(SpringApplication.java:439)
	at org.springframework.boot.SpringApplication.run(SpringApplication.java:318)
	at org.springframework.boot.SpringApplication.run(SpringApplication.java:1361)
	at org.springframework.boot.SpringApplication.run(SpringApplication.java:1350)
	at fr.dawan.demoapirest.DemoapirestApplication.main(DemoapirestApplication.java:16)
Caused by: java.lang.IllegalStateException: Ambiguous mapping. Cannot map 'supplierController' method 
fr.dawan.demoapirest.controllers.SupplierController#saveOrUpdate(SupplierDto)
to {POST [/api/categories/save], consumes [application/json], produces [application/json]}: There is already 'categoryController' bean method
fr.dawan.demoapirest.controllers.CategoryController#saveOrUpdate(CategoryDto) mapped.
	at org.springframework.web.servlet.handler.AbstractHandlerMethodMapping$MappingRegistry.validateMethodMapping(AbstractHandlerMethodMapping.java:675)
	at org.springframework.web.servlet.handler.AbstractHandlerMethodMapping$MappingRegistry.register(AbstractHandlerMethodMapping.java:637)
	at org.springframework.web.servlet.handler.AbstractHandlerMethodMapping.registerHandlerMethod(AbstractHandlerMethodMapping.java:331)
	at org.springframework.web.servlet.mvc.method.annotation.RequestMappingHandlerMapping.registerHandlerMethod(RequestMappingHandlerMapping.java:509)
	at org.springframework.web.servlet.mvc.method.annotation.RequestMappingHandlerMapping.registerHandlerMethod(RequestMappingHandlerMapping.java:84)
	at org.springframework.web.servlet.handler.AbstractHandlerMethodMapping.lambda$detectHandlerMethods$2(AbstractHandlerMethodMapping.java:298)
	at java.base/java.util.LinkedHashMap.forEach(LinkedHashMap.java:721)
	at org.springframework.web.servlet.handler.AbstractHandlerMethodMapping.detectHandlerMethods(AbstractHandlerMethodMapping.java:296)
	at org.springframework.web.servlet.handler.AbstractHandlerMethodMapping.processCandidateBean(AbstractHandlerMethodMapping.java:265)
	at org.springframework.web.servlet.handler.AbstractHandlerMethodMapping.initHandlerMethods(AbstractHandlerMethodMapping.java:224)
	at org.springframework.web.servlet.handler.AbstractHandlerMethodMapping.afterPropertiesSet(AbstractHandlerMethodMapping.java:212)
	at org.springframework.web.servlet.mvc.method.annotation.RequestMappingHandlerMapping.afterPropertiesSet(RequestMappingHandlerMapping.java:239)
	at org.springframework.beans.factory.support.AbstractAutowireCapableBeanFactory.invokeInitMethods(AbstractAutowireCapableBeanFactory.java:1859)
	at org.springframework.beans.factory.support.AbstractAutowireCapableBeanFactory.initializeBean(AbstractAutowireCapableBeanFactory.java:1808)
	... 18 common frames omitted
2025-02-19 10:07:28.295 INFO  2028  --- [main] f.d.d.DemoapirestApplication : Starting DemoapirestApplication using Java 17.0.12 with PID 2768 (C:\Users\oem\Desktop\SpringFormation\demoapirest\target\classes started by oem in C:\Users\oem\Desktop\SpringFormation\demoapirest)
2025-02-19 10:07:28.298 INFO  2031  --- [main] f.d.d.DemoapirestApplication : The following 1 profile is active: "dev"
2025-02-19 10:07:30.242 INFO  3975  --- [main] o.s.d.r.c.RepositoryConfigurationDelegate : Bootstrapping Spring Data JPA repositories in DEFAULT mode.
2025-02-19 10:07:30.418 INFO  4151  --- [main] o.s.d.r.c.RepositoryConfigurationDelegate : Finished Spring Data repository scanning in 150 ms. Found 3 JPA repository interfaces.
2025-02-19 10:07:31.577 INFO  5310  --- [main] o.s.b.w.e.tomcat.TomcatWebServer : Tomcat initialized with port 8085 (http)
2025-02-19 10:07:31.604 INFO  5337  --- [main] o.a.catalina.core.StandardService : Starting service [Tomcat]
2025-02-19 10:07:31.605 INFO  5338  --- [main] o.a.catalina.core.StandardEngine : Starting Servlet engine: [Apache Tomcat/10.1.34]
2025-02-19 10:07:31.765 INFO  5498  --- [main] o.a.c.c.C.[Tomcat].[localhost].[/] : Initializing Spring embedded WebApplicationContext
2025-02-19 10:07:31.766 INFO  5499  --- [main] o.s.b.w.s.c.ServletWebServerApplicationContext : Root WebApplicationContext: initialization completed in 3345 ms
2025-02-19 10:07:32.090 INFO  5823  --- [main] o.h.jpa.internal.util.LogHelper : HHH000204: Processing PersistenceUnitInfo [name: default]
2025-02-19 10:07:32.197 INFO  5930  --- [main] org.hibernate.Version : HHH000412: Hibernate ORM core version 6.6.5.Final
2025-02-19 10:07:32.262 INFO  5995  --- [main] o.h.c.i.RegionFactoryInitiator : HHH000026: Second-level cache disabled
2025-02-19 10:07:32.815 INFO  6548  --- [main] o.s.o.j.p.SpringPersistenceUnitInfo : No LoadTimeWeaver setup: ignoring JPA class transformer
2025-02-19 10:07:32.879 INFO  6612  --- [main] com.zaxxer.hikari.HikariDataSource : HikariPool-1 - Starting...
2025-02-19 10:07:33.071 INFO  6804  --- [main] com.zaxxer.hikari.pool.HikariPool : HikariPool-1 - Added connection org.mariadb.jdbc.Connection@b9b97ad
2025-02-19 10:07:33.075 INFO  6808  --- [main] com.zaxxer.hikari.HikariDataSource : HikariPool-1 - Start completed.
2025-02-19 10:07:33.191 INFO  6924  --- [main] o.hibernate.orm.connections.pooling : HHH10001005: Database info:
	Database JDBC URL [Connecting through datasource 'HikariDataSource (HikariPool-1)']
	Database driver: undefined/unknown
	Database version: 11.5.2
	Autocommit mode: undefined/unknown
	Isolation level: undefined/unknown
	Minimum pool size: undefined/unknown
	Maximum pool size: undefined/unknown
2025-02-19 10:07:35.489 INFO  9222  --- [main] o.h.e.t.j.p.i.JtaPlatformInitiator : HHH000489: No JTA platform available (set 'hibernate.transaction.jta.platform' to enable JTA platform integration)
2025-02-19 10:07:35.630 INFO  9363  --- [main] o.s.o.j.LocalContainerEntityManagerFactoryBean : Initialized JPA EntityManagerFactory for persistence unit 'default'
2025-02-19 10:07:36.307 INFO  10040 --- [main] o.s.d.j.r.q.QueryEnhancerFactory : Hibernate is in classpath; If applicable, HQL parser will be used.
2025-02-19 10:07:37.398 WARN  11131 --- [main] o.s.b.a.o.j.JpaBaseConfiguration$JpaWebConfiguration : spring.jpa.open-in-view is enabled by default. Therefore, database queries may be performed during view rendering. Explicitly configure spring.jpa.open-in-view to disable this warning
2025-02-19 10:07:37.473 INFO  11206 --- [main] o.s.v.b.OptionalValidatorFactoryBean : Failed to set up a Bean Validation provider: jakarta.validation.NoProviderFoundException: Unable to create a Configuration, because no Jakarta Bean Validation provider could be found. Add a provider like Hibernate Validator (RI) to your classpath.
2025-02-19 10:07:37.619 DEBUG 11352 --- [main] o.s.w.s.m.m.a.RequestMappingHandlerMapping : 34 mappings in 'requestMappingHandlerMapping'
2025-02-19 10:07:37.710 DEBUG 11443 --- [main] o.s.w.s.h.SimpleUrlHandlerMapping : Patterns [/webjars/**, /**, /swagger-ui*/*swagger-initializer.js, /swagger-ui*/**] in 'resourceHandlerMapping'
2025-02-19 10:07:37.773 DEBUG 11506 --- [main] o.s.w.s.m.m.a.RequestMappingHandlerAdapter : ControllerAdvice beans: 0 @ModelAttribute, 0 @InitBinder, 1 RequestBodyAdvice, 1 ResponseBodyAdvice
2025-02-19 10:07:37.870 DEBUG 11603 --- [main] o.s.w.s.m.m.a.ExceptionHandlerExceptionResolver : ControllerAdvice beans: 2 @ExceptionHandler, 1 ResponseBodyAdvice
2025-02-19 10:07:38.180 INFO  11913 --- [main] o.s.b.w.e.tomcat.TomcatWebServer : Tomcat started on port 8085 (http) with context path '/'
2025-02-19 10:07:38.200 INFO  11933 --- [main] f.d.d.DemoapirestApplication : Started DemoapirestApplication in 10.979 seconds (process running for 12.429)
2025-02-19 10:08:26.549 INFO  60282 --- [http-nio-8085-exec-2] o.a.c.c.C.[Tomcat].[localhost].[/] : Initializing Spring DispatcherServlet 'dispatcherServlet'
2025-02-19 10:08:26.549 INFO  60282 --- [http-nio-8085-exec-2] o.s.web.servlet.DispatcherServlet : Initializing Servlet 'dispatcherServlet'
2025-02-19 10:08:26.550 DEBUG 60283 --- [http-nio-8085-exec-2] o.s.web.servlet.DispatcherServlet : Detected StandardServletMultipartResolver
2025-02-19 10:08:26.551 DEBUG 60284 --- [http-nio-8085-exec-2] o.s.web.servlet.DispatcherServlet : Detected AcceptHeaderLocaleResolver
2025-02-19 10:08:26.554 DEBUG 60287 --- [http-nio-8085-exec-2] o.s.web.servlet.DispatcherServlet : Detected FixedThemeResolver
2025-02-19 10:08:26.556 DEBUG 60289 --- [http-nio-8085-exec-2] o.s.web.servlet.DispatcherServlet : Detected org.springframework.web.servlet.view.DefaultRequestToViewNameTranslator@74a29300
2025-02-19 10:08:26.557 DEBUG 60290 --- [http-nio-8085-exec-2] o.s.web.servlet.DispatcherServlet : Detected org.springframework.web.servlet.support.SessionFlashMapManager@e30573c
2025-02-19 10:08:26.558 DEBUG 60291 --- [http-nio-8085-exec-2] o.s.web.servlet.DispatcherServlet : enableLoggingRequestDetails='false': request parameters and headers will be masked to prevent unsafe logging of potentially sensitive data
2025-02-19 10:08:26.559 INFO  60292 --- [http-nio-8085-exec-2] o.s.web.servlet.DispatcherServlet : Completed initialization in 8 ms
2025-02-19 10:08:26.581 DEBUG 60314 --- [http-nio-8085-exec-2] o.s.web.servlet.DispatcherServlet : GET "/api/products/1/5", parameters={multipart}
2025-02-19 10:08:26.655 DEBUG 60388 --- [http-nio-8085-exec-2] o.s.w.s.m.m.a.RequestMappingHandlerMapping : Mapped to fr.dawan.demoapirest.controllers.ProductController#getAllBy(int, int, Optional)
2025-02-19 10:08:27.057 DEBUG 60790 --- [http-nio-8085-exec-2] o.s.w.s.m.m.a.RequestResponseBodyMethodProcessor : Using 'application/json', given [*/*] and supported [application/json]
2025-02-19 10:08:27.074 DEBUG 60807 --- [http-nio-8085-exec-2] o.s.w.s.m.m.a.RequestResponseBodyMethodProcessor : Writing [[fr.dawan.demoapirest.dtos.ProductDto@4c941d62]]
2025-02-19 10:08:27.216 DEBUG 60949 --- [http-nio-8085-exec-2] o.s.web.servlet.DispatcherServlet : Completed 200 OK
2025-02-19 10:08:44.438 DEBUG 78171 --- [http-nio-8085-exec-3] o.s.web.servlet.DispatcherServlet : POST "/api/products/save", parameters={multipart}
2025-02-19 10:08:44.444 DEBUG 78177 --- [http-nio-8085-exec-3] o.s.w.s.m.m.a.RequestMappingHandlerMapping : Mapped to fr.dawan.demoapirest.controllers.ProductController#saveOrUpdate(MultipartFile, String)
2025-02-19 10:08:44.455 DEBUG 78188 --- [http-nio-8085-exec-3] o.s.web.method.HandlerMethod : Could not resolve parameter [0] in public org.springframework.http.ResponseEntity<fr.dawan.demoapirest.dtos.ProductDto> fr.dawan.demoapirest.controllers.ProductController.saveOrUpdate(org.springframework.web.multipart.MultipartFile,java.lang.String) throws java.lang.Exception: Required part 'file' is not present.
2025-02-19 10:08:44.461 DEBUG 78194 --- [http-nio-8085-exec-3] o.s.w.s.m.m.a.ExceptionHandlerExceptionResolver : Using @ExceptionHandler fr.dawan.demoapirest.interceptors.MyGlobalExceptionHandler#handleException(Exception, WebRequest)
2025-02-19 10:08:44.514 DEBUG 78247 --- [http-nio-8085-exec-3] o.s.w.s.m.m.a.HttpEntityMethodProcessor : Using 'application/problem+json', given [*/*] and supported [application/problem+json]
2025-02-19 10:08:44.528 DEBUG 78261 --- [http-nio-8085-exec-3] o.s.w.s.m.m.a.HttpEntityMethodProcessor : Writing [ProblemDetail[type='about:blank', title='Bad Request', status=400, detail='Required part 'file' is n (truncated)...]
2025-02-19 10:08:44.530 DEBUG 78263 --- [http-nio-8085-exec-3] o.s.w.s.m.m.a.ExceptionHandlerExceptionResolver : Resolved [org.springframework.web.multipart.support.MissingServletRequestPartException: Required part 'file' is not present.]
2025-02-19 10:08:44.533 DEBUG 78266 --- [http-nio-8085-exec-3] o.s.web.servlet.DispatcherServlet : Completed 400 BAD_REQUEST
2025-02-19 10:09:13.037 DEBUG 106770 --- [http-nio-8085-exec-4] o.s.web.servlet.DispatcherServlet : POST "/api/products/save", parameters={multipart}
2025-02-19 10:09:13.051 DEBUG 106784 --- [http-nio-8085-exec-4] o.s.w.s.m.m.a.RequestMappingHandlerMapping : Mapped to fr.dawan.demoapirest.controllers.ProductController#saveOrUpdate(MultipartFile, String)
2025-02-19 10:09:13.335 DEBUG 107068 --- [http-nio-8085-exec-4] o.s.w.s.m.m.a.HttpEntityMethodProcessor : Using 'application/json', given [*/*] and supported [application/json]
2025-02-19 10:09:13.336 DEBUG 107069 --- [http-nio-8085-exec-4] o.s.w.s.m.m.a.HttpEntityMethodProcessor : Writing [fr.dawan.demoapirest.dtos.ProductDto@4f5af6b3]
2025-02-19 10:09:13.339 DEBUG 107072 --- [http-nio-8085-exec-4] o.s.web.servlet.DispatcherServlet : Completed 200 OK
2025-02-19 10:09:20.626 DEBUG 114359 --- [http-nio-8085-exec-6] o.s.web.servlet.DispatcherServlet : GET "/api/products/1/5", parameters={multipart}
2025-02-19 10:09:20.635 DEBUG 114368 --- [http-nio-8085-exec-6] o.s.w.s.m.m.a.RequestMappingHandlerMapping : Mapped to fr.dawan.demoapirest.controllers.ProductController#getAllBy(int, int, Optional)
2025-02-19 10:09:20.652 DEBUG 114385 --- [http-nio-8085-exec-6] o.s.w.s.m.m.a.RequestResponseBodyMethodProcessor : Using 'application/json', given [*/*] and supported [application/json]
2025-02-19 10:09:20.654 DEBUG 114387 --- [http-nio-8085-exec-6] o.s.w.s.m.m.a.RequestResponseBodyMethodProcessor : Writing [[fr.dawan.demoapirest.dtos.ProductDto@10b0815, fr.dawan.demoapirest.dtos.ProductDto@64aecc1d]]
2025-02-19 10:09:20.659 DEBUG 114392 --- [http-nio-8085-exec-6] o.s.web.servlet.DispatcherServlet : Completed 200 OK
2025-02-19 10:09:54.085 DEBUG 147818 --- [http-nio-8085-exec-7] o.s.web.servlet.DispatcherServlet : POST "/api/categories/save", parameters={}
2025-02-19 10:09:54.086 DEBUG 147819 --- [http-nio-8085-exec-7] o.s.w.s.m.m.a.RequestMappingHandlerMapping : Mapped to fr.dawan.demoapirest.controllers.CategoryController#saveOrUpdate(CategoryDto)
2025-02-19 10:09:54.112 DEBUG 147845 --- [http-nio-8085-exec-7] o.s.w.s.m.m.a.RequestResponseBodyMethodProcessor : Read "application/json;charset=UTF-8" to [fr.dawan.demoapirest.dtos.CategoryDto@453c5b1c]
2025-02-19 10:09:54.134 DEBUG 147867 --- [http-nio-8085-exec-7] o.s.w.s.m.m.a.HttpEntityMethodProcessor : Using 'application/json', given [*/*] and supported [application/json]
2025-02-19 10:09:54.135 DEBUG 147868 --- [http-nio-8085-exec-7] o.s.w.s.m.m.a.HttpEntityMethodProcessor : Writing [fr.dawan.demoapirest.dtos.CategoryDto@5e5ebdb9]
2025-02-19 10:09:54.138 DEBUG 147871 --- [http-nio-8085-exec-7] o.s.web.servlet.DispatcherServlet : Completed 200 OK
2025-02-19 10:10:16.217 DEBUG 169950 --- [http-nio-8085-exec-8] o.s.web.servlet.DispatcherServlet : POST "/api/suppliers/save", parameters={}
2025-02-19 10:10:16.220 DEBUG 169953 --- [http-nio-8085-exec-8] o.s.w.s.m.m.a.RequestMappingHandlerMapping : Mapped to fr.dawan.demoapirest.controllers.SupplierController#saveOrUpdate(SupplierDto)
2025-02-19 10:10:16.226 DEBUG 169959 --- [http-nio-8085-exec-8] o.s.w.s.m.m.a.RequestResponseBodyMethodProcessor : Read "application/json;charset=UTF-8" to [fr.dawan.demoapirest.dtos.SupplierDto@5197ca1a]
2025-02-19 10:10:16.275 DEBUG 170008 --- [http-nio-8085-exec-8] o.s.w.s.m.m.a.HttpEntityMethodProcessor : Using 'application/json', given [*/*] and supported [application/json]
2025-02-19 10:10:16.276 DEBUG 170009 --- [http-nio-8085-exec-8] o.s.w.s.m.m.a.HttpEntityMethodProcessor : Writing [fr.dawan.demoapirest.dtos.SupplierDto@2d5bcd82]
2025-02-19 10:10:16.279 DEBUG 170012 --- [http-nio-8085-exec-8] o.s.web.servlet.DispatcherServlet : Completed 200 OK
2025-02-19 10:10:58.778 DEBUG 212511 --- [http-nio-8085-exec-10] o.s.web.servlet.DispatcherServlet : GET "/api/suppliers/1/5", parameters={}
2025-02-19 10:10:58.780 DEBUG 212513 --- [http-nio-8085-exec-10] o.s.w.s.m.m.a.RequestMappingHandlerMapping : Mapped to fr.dawan.demoapirest.controllers.SupplierController#getAllBy(int, int, Optional)
2025-02-19 10:10:58.792 DEBUG 212525 --- [http-nio-8085-exec-10] o.s.w.s.m.m.a.RequestResponseBodyMethodProcessor : Using 'application/json', given [*/*] and supported [application/json]
2025-02-19 10:10:58.793 DEBUG 212526 --- [http-nio-8085-exec-10] o.s.w.s.m.m.a.RequestResponseBodyMethodProcessor : Writing [[fr.dawan.demoapirest.dtos.SupplierDto@3be770b9]]
2025-02-19 10:10:58.796 DEBUG 212529 --- [http-nio-8085-exec-10] o.s.web.servlet.DispatcherServlet : Completed 200 OK
2025-02-19 10:13:39.192 INFO  372925 --- [SpringApplicationShutdownHook] o.s.b.w.e.tomcat.GracefulShutdown : Commencing graceful shutdown. Waiting for active requests to complete
2025-02-19 10:13:39.208 INFO  372941 --- [tomcat-shutdown] o.s.b.w.e.tomcat.GracefulShutdown : Graceful shutdown complete
2025-02-19 10:13:39.218 INFO  372951 --- [SpringApplicationShutdownHook] o.s.o.j.LocalContainerEntityManagerFactoryBean : Closing JPA EntityManagerFactory for persistence unit 'default'
2025-02-19 10:13:39.222 INFO  372955 --- [SpringApplicationShutdownHook] com.zaxxer.hikari.HikariDataSource : HikariPool-1 - Shutdown initiated...
2025-02-19 10:13:39.229 INFO  372962 --- [SpringApplicationShutdownHook] com.zaxxer.hikari.HikariDataSource : HikariPool-1 - Shutdown completed.
2025-02-19 10:55:39.911 INFO  1975  --- [main] f.d.d.DemoapirestApplication : Starting DemoapirestApplication using Java 17.0.12 with PID 1952 (C:\Users\oem\Desktop\SpringFormation\demoapirest\target\classes started by oem in C:\Users\oem\Desktop\SpringFormation\demoapirest)
2025-02-19 10:55:39.919 INFO  1983  --- [main] f.d.d.DemoapirestApplication : The following 1 profile is active: "dev"
2025-02-19 10:55:42.263 INFO  4327  --- [main] o.s.d.r.c.RepositoryConfigurationDelegate : Bootstrapping Spring Data JPA repositories in DEFAULT mode.
2025-02-19 10:55:42.469 INFO  4533  --- [main] o.s.d.r.c.RepositoryConfigurationDelegate : Finished Spring Data repository scanning in 180 ms. Found 3 JPA repository interfaces.
2025-02-19 10:55:43.749 INFO  5813  --- [main] o.s.b.w.e.tomcat.TomcatWebServer : Tomcat initialized with port 8085 (http)
2025-02-19 10:55:43.793 INFO  5857  --- [main] o.a.catalina.core.StandardService : Starting service [Tomcat]
2025-02-19 10:55:43.795 INFO  5859  --- [main] o.a.catalina.core.StandardEngine : Starting Servlet engine: [Apache Tomcat/10.1.34]
2025-02-19 10:55:43.925 INFO  5989  --- [main] o.a.c.c.C.[Tomcat].[localhost].[/] : Initializing Spring embedded WebApplicationContext
2025-02-19 10:55:43.926 INFO  5990  --- [main] o.s.b.w.s.c.ServletWebServerApplicationContext : Root WebApplicationContext: initialization completed in 3834 ms
2025-02-19 10:55:44.320 INFO  6384  --- [main] o.h.jpa.internal.util.LogHelper : HHH000204: Processing PersistenceUnitInfo [name: default]
2025-02-19 10:55:44.439 INFO  6503  --- [main] org.hibernate.Version : HHH000412: Hibernate ORM core version 6.6.5.Final
2025-02-19 10:55:44.512 INFO  6576  --- [main] o.h.c.i.RegionFactoryInitiator : HHH000026: Second-level cache disabled
2025-02-19 10:55:45.083 INFO  7147  --- [main] o.s.o.j.p.SpringPersistenceUnitInfo : No LoadTimeWeaver setup: ignoring JPA class transformer
2025-02-19 10:55:45.147 INFO  7211  --- [main] com.zaxxer.hikari.HikariDataSource : HikariPool-1 - Starting...
2025-02-19 10:55:45.335 INFO  7399  --- [main] com.zaxxer.hikari.pool.HikariPool : HikariPool-1 - Added connection org.mariadb.jdbc.Connection@11ad095c
2025-02-19 10:55:45.340 INFO  7404  --- [main] com.zaxxer.hikari.HikariDataSource : HikariPool-1 - Start completed.
2025-02-19 10:55:45.494 INFO  7558  --- [main] o.hibernate.orm.connections.pooling : HHH10001005: Database info:
	Database JDBC URL [Connecting through datasource 'HikariDataSource (HikariPool-1)']
	Database driver: undefined/unknown
	Database version: 11.5.2
	Autocommit mode: undefined/unknown
	Isolation level: undefined/unknown
	Minimum pool size: undefined/unknown
	Maximum pool size: undefined/unknown
2025-02-19 10:55:48.028 INFO  10092 --- [main] o.h.e.t.j.p.i.JtaPlatformInitiator : HHH000489: No JTA platform available (set 'hibernate.transaction.jta.platform' to enable JTA platform integration)
2025-02-19 10:55:48.151 INFO  10215 --- [main] o.s.o.j.LocalContainerEntityManagerFactoryBean : Initialized JPA EntityManagerFactory for persistence unit 'default'
2025-02-19 10:55:49.003 INFO  11067 --- [main] o.s.d.j.r.q.QueryEnhancerFactory : Hibernate is in classpath; If applicable, HQL parser will be used.
2025-02-19 10:55:50.122 WARN  12186 --- [main] o.s.b.a.o.j.JpaBaseConfiguration$JpaWebConfiguration : spring.jpa.open-in-view is enabled by default. Therefore, database queries may be performed during view rendering. Explicitly configure spring.jpa.open-in-view to disable this warning
2025-02-19 10:55:50.225 INFO  12289 --- [main] o.s.v.b.OptionalValidatorFactoryBean : Failed to set up a Bean Validation provider: jakarta.validation.NoProviderFoundException: Unable to create a Configuration, because no Jakarta Bean Validation provider could be found. Add a provider like Hibernate Validator (RI) to your classpath.
2025-02-19 10:55:50.375 DEBUG 12439 --- [main] o.s.w.s.m.m.a.RequestMappingHandlerMapping : 35 mappings in 'requestMappingHandlerMapping'
2025-02-19 10:55:50.468 DEBUG 12532 --- [main] o.s.w.s.h.SimpleUrlHandlerMapping : Patterns [/webjars/**, /**, /swagger-ui*/*swagger-initializer.js, /swagger-ui*/**] in 'resourceHandlerMapping'
2025-02-19 10:55:50.545 DEBUG 12609 --- [main] o.s.w.s.m.m.a.RequestMappingHandlerAdapter : ControllerAdvice beans: 0 @ModelAttribute, 0 @InitBinder, 1 RequestBodyAdvice, 1 ResponseBodyAdvice
2025-02-19 10:55:50.658 DEBUG 12722 --- [main] o.s.w.s.m.m.a.ExceptionHandlerExceptionResolver : ControllerAdvice beans: 2 @ExceptionHandler, 1 ResponseBodyAdvice
2025-02-19 10:55:51.011 INFO  13075 --- [main] o.s.b.w.e.tomcat.TomcatWebServer : Tomcat started on port 8085 (http) with context path '/'
2025-02-19 10:55:51.065 INFO  13129 --- [main] f.d.d.DemoapirestApplication : Started DemoapirestApplication in 12.158 seconds (process running for 13.676)
2025-02-19 10:56:34.095 INFO  56159 --- [http-nio-8085-exec-2] o.a.c.c.C.[Tomcat].[localhost].[/] : Initializing Spring DispatcherServlet 'dispatcherServlet'
2025-02-19 10:56:34.097 INFO  56161 --- [http-nio-8085-exec-2] o.s.web.servlet.DispatcherServlet : Initializing Servlet 'dispatcherServlet'
2025-02-19 10:56:34.097 DEBUG 56161 --- [http-nio-8085-exec-2] o.s.web.servlet.DispatcherServlet : Detected StandardServletMultipartResolver
2025-02-19 10:56:34.098 DEBUG 56162 --- [http-nio-8085-exec-2] o.s.web.servlet.DispatcherServlet : Detected AcceptHeaderLocaleResolver
2025-02-19 10:56:34.098 DEBUG 56162 --- [http-nio-8085-exec-2] o.s.web.servlet.DispatcherServlet : Detected FixedThemeResolver
2025-02-19 10:56:34.109 DEBUG 56173 --- [http-nio-8085-exec-2] o.s.web.servlet.DispatcherServlet : Detected org.springframework.web.servlet.view.DefaultRequestToViewNameTranslator@543669de
2025-02-19 10:56:34.110 DEBUG 56174 --- [http-nio-8085-exec-2] o.s.web.servlet.DispatcherServlet : Detected org.springframework.web.servlet.support.SessionFlashMapManager@7d1f60cf
2025-02-19 10:56:34.111 DEBUG 56175 --- [http-nio-8085-exec-2] o.s.web.servlet.DispatcherServlet : enableLoggingRequestDetails='false': request parameters and headers will be masked to prevent unsafe logging of potentially sensitive data
2025-02-19 10:56:34.111 INFO  56175 --- [http-nio-8085-exec-2] o.s.web.servlet.DispatcherServlet : Completed initialization in 14 ms
2025-02-19 10:56:34.132 DEBUG 56196 --- [http-nio-8085-exec-2] o.s.web.servlet.DispatcherServlet : GET "/api/locations", parameters={multipart}
2025-02-19 10:56:34.223 DEBUG 56287 --- [http-nio-8085-exec-2] o.s.w.s.m.m.a.RequestMappingHandlerMapping : Mapped to fr.dawan.demoapirest.controllers.LocationController#getLocations()
2025-02-19 10:56:34.718 DEBUG 56782 --- [http-nio-8085-exec-2] o.s.web.client.RestTemplate : HTTP GET https://dawan.org/public/location
2025-02-19 10:56:34.751 DEBUG 56815 --- [http-nio-8085-exec-2] o.s.web.client.RestTemplate : Accept=[application/json, application/yaml, application/*+json]
2025-02-19 10:56:35.762 DEBUG 57826 --- [http-nio-8085-exec-2] o.s.web.client.RestTemplate : Response 200 OK
2025-02-19 10:56:35.766 DEBUG 57830 --- [http-nio-8085-exec-2] o.s.web.client.RestTemplate : Reading to [fr.dawan.demoapirest.dtos.LocationDto[]]
2025-02-19 10:56:35.880 DEBUG 57944 --- [http-nio-8085-exec-2] o.s.w.s.m.m.a.RequestResponseBodyMethodProcessor : Using 'application/json', given [*/*] and supported [application/json]
2025-02-19 10:56:35.903 DEBUG 57967 --- [http-nio-8085-exec-2] o.s.w.s.m.m.a.RequestResponseBodyMethodProcessor : Writing [[fr.dawan.demoapirest.dtos.LocationDto@1fa4aed5, fr.dawan.demoapirest.dtos.LocationDto@3c298422, fr. (truncated)...]
2025-02-19 10:56:35.954 DEBUG 58018 --- [http-nio-8085-exec-2] o.s.web.servlet.DispatcherServlet : Completed 200 OK
2025-02-19 10:57:18.856 INFO  100920 --- [SpringApplicationShutdownHook] o.s.b.w.e.tomcat.GracefulShutdown : Commencing graceful shutdown. Waiting for active requests to complete
2025-02-19 10:57:18.874 INFO  100938 --- [tomcat-shutdown] o.s.b.w.e.tomcat.GracefulShutdown : Graceful shutdown complete
2025-02-19 10:57:18.882 INFO  100946 --- [SpringApplicationShutdownHook] o.s.o.j.LocalContainerEntityManagerFactoryBean : Closing JPA EntityManagerFactory for persistence unit 'default'
2025-02-19 10:57:18.887 INFO  100951 --- [SpringApplicationShutdownHook] com.zaxxer.hikari.HikariDataSource : HikariPool-1 - Shutdown initiated...
2025-02-19 10:57:18.894 INFO  100958 --- [SpringApplicationShutdownHook] com.zaxxer.hikari.HikariDataSource : HikariPool-1 - Shutdown completed.
